TN:
SF:src\FuixDev.ts
FN:9,(anonymous_2)
FN:27,(anonymous_3)
FN:44,(anonymous_4)
FNF:3
FNH:1
FNDA:3,(anonymous_2)
FNDA:0,(anonymous_3)
FNDA:0,(anonymous_4)
DA:1,1
DA:5,1
DA:6,1
DA:8,1
DA:10,3
DA:11,3
DA:12,3
DA:13,3
DA:14,3
DA:16,3
DA:17,3
DA:18,3
DA:19,3
DA:20,3
DA:21,3
DA:22,3
DA:23,3
DA:28,0
DA:29,0
DA:31,0
DA:32,0
DA:33,0
DA:34,0
DA:37,0
DA:38,0
DA:40,0
DA:45,0
DA:46,0
DA:47,0
DA:48,0
DA:50,0
DA:52,0
DA:55,1
LF:33
LH:18
BRDA:28,0,0,0
BRDA:28,0,1,0
BRDA:45,1,0,0
BRDA:45,1,1,0
BRF:4
BRH:0
end_of_record
TN:
SF:src\index.ts
FN:1,(anonymous_2)
FN:2,(anonymous_3)
FN:4,(anonymous_4)
FN:5,(anonymous_5)
FN:9,(anonymous_6)
FN:17,(anonymous_7)
FN:18,(anonymous_8)
FN:19,(anonymous_9)
FN:24,(anonymous_10)
FN:26,(anonymous_11)
FN:29,(anonymous_12)
FN:35,(anonymous_13)
FN:36,(anonymous_14)
FN:39,(anonymous_15)
FNF:14
FNH:7
FNDA:0,(anonymous_2)
FNDA:0,(anonymous_3)
FNDA:0,(anonymous_4)
FNDA:3,(anonymous_5)
FNDA:0,(anonymous_6)
FNDA:9,(anonymous_7)
FNDA:133,(anonymous_8)
FNDA:25,(anonymous_9)
FNDA:35,(anonymous_10)
FNDA:5,(anonymous_11)
FNDA:6,(anonymous_12)
FNDA:0,(anonymous_13)
FNDA:0,(anonymous_14)
FNDA:0,(anonymous_15)
DA:1,1
DA:2,1
DA:4,1
DA:5,4
DA:9,1
DA:17,10
DA:18,134
DA:19,26
DA:24,36
DA:26,6
DA:29,7
DA:35,1
DA:36,1
DA:39,1
LF:14
LH:14
BRF:0
BRH:0
end_of_record
TN:
SF:src\app\TestRenderer.ts
FN:6,(anonymous_2)
FN:19,(anonymous_3)
FN:23,(anonymous_4)
FNF:3
FNH:0
FNDA:0,(anonymous_2)
FNDA:0,(anonymous_3)
FNDA:0,(anonymous_4)
DA:2,1
DA:5,1
DA:7,0
DA:9,0
DA:10,0
DA:12,0
DA:14,0
DA:17,0
DA:20,0
DA:24,0
DA:27,1
LF:11
LH:3
BRF:0
BRH:0
end_of_record
TN:
SF:src\app\TestVo.ts
FN:4,(anonymous_2)
FNF:1
FNH:1
FNDA:6,(anonymous_2)
DA:1,1
DA:5,6
DA:6,6
LF:3
LH:3
BRF:0
BRH:0
end_of_record
TN:
SF:src\components\DataContainer.ts
FN:10,(anonymous_2)
FN:18,(anonymous_3)
FN:30,(anonymous_4)
FN:34,(anonymous_5)
FN:50,(anonymous_6)
FN:59,(anonymous_7)
FN:60,(anonymous_8)
FN:75,(anonymous_9)
FN:83,(anonymous_10)
FN:92,(anonymous_11)
FN:112,(anonymous_12)
FNF:11
FNH:0
FNDA:0,(anonymous_2)
FNDA:0,(anonymous_3)
FNDA:0,(anonymous_4)
FNDA:0,(anonymous_5)
FNDA:0,(anonymous_6)
FNDA:0,(anonymous_7)
FNDA:0,(anonymous_8)
FNDA:0,(anonymous_9)
FNDA:0,(anonymous_10)
FNDA:0,(anonymous_11)
FNDA:0,(anonymous_12)
DA:1,1
DA:3,1
DA:7,1
DA:8,0
DA:9,0
DA:11,0
DA:12,0
DA:13,0
DA:14,0
DA:15,0
DA:20,0
DA:21,0
DA:23,0
DA:25,0
DA:26,0
DA:27,0
DA:31,0
DA:35,0
DA:36,0
DA:38,0
DA:39,0
DA:41,0
DA:43,0
DA:44,0
DA:45,0
DA:47,0
DA:51,0
DA:52,0
DA:53,0
DA:54,0
DA:55,0
DA:60,0
DA:61,0
DA:62,0
DA:63,0
DA:66,0
DA:67,0
DA:68,0
DA:69,0
DA:76,0
DA:77,0
DA:79,0
DA:80,0
DA:84,0
DA:85,0
DA:87,0
DA:90,0
DA:93,0
DA:94,0
DA:96,0
DA:97,0
DA:98,0
DA:99,0
DA:100,0
DA:102,0
DA:103,0
DA:104,0
DA:105,0
DA:106,0
DA:107,0
DA:109,0
DA:113,0
DA:116,1
LF:63
LH:4
BRDA:20,0,0,0
BRDA:20,0,1,0
BRDA:38,1,0,0
BRDA:38,1,1,0
BRDA:52,2,0,0
BRDA:52,2,1,0
BRDA:61,3,0,0
BRDA:61,3,1,0
BRDA:68,4,0,0
BRDA:68,4,1,0
BRDA:76,5,0,0
BRDA:76,5,1,0
BRDA:84,6,0,0
BRDA:84,6,1,0
BRDA:93,7,0,0
BRDA:93,7,1,0
BRDA:96,8,0,0
BRDA:96,8,1,0
BRDA:103,9,0,0
BRDA:103,9,1,0
BRF:20
BRH:0
end_of_record
TN:
SF:src\components\DataRenderer.ts
FN:4,(anonymous_2)
FN:5,(anonymous_3)
FN:11,(anonymous_4)
FN:19,(anonymous_5)
FNF:4
FNH:4
FNDA:3,(anonymous_2)
FNDA:2,(anonymous_3)
FNDA:3,(anonymous_4)
FNDA:3,(anonymous_5)
DA:1,1
DA:4,1
DA:9,3
DA:12,3
DA:13,1
DA:15,2
DA:16,2
DA:20,3
DA:23,1
LF:9
LH:9
BRDA:12,0,0,1
BRDA:12,0,1,2
BRF:2
BRH:2
end_of_record
TN:
SF:src\components\IDataContainer.ts
FNF:0
FNH:0
LF:0
LH:0
BRF:0
BRH:0
end_of_record
TN:
SF:src\components\IDataRenderer.ts
FNF:0
FNH:0
LF:0
LH:0
BRF:0
BRH:0
end_of_record
TN:
SF:src\components\IList.ts
FNF:0
FNH:0
LF:0
LH:0
BRF:0
BRH:0
end_of_record
TN:
SF:src\components\List.ts
FNF:0
FNH:0
DA:1,1
DA:4,1
DA:7,1
LF:3
LH:3
BRF:0
BRH:0
end_of_record
TN:
SF:src\consts\AlignItems.ts
FNF:0
FNH:0
LF:0
LH:0
BRF:0
BRH:0
end_of_record
TN:
SF:src\consts\Display.ts
FNF:0
FNH:0
LF:0
LH:0
BRF:0
BRH:0
end_of_record
TN:
SF:src\consts\FlexWrap.ts
FNF:0
FNH:0
LF:0
LH:0
BRF:0
BRH:0
end_of_record
TN:
SF:src\consts\FontWeight.ts
FNF:0
FNH:0
LF:0
LH:0
BRF:0
BRH:0
end_of_record
TN:
SF:src\consts\JustifyContent.ts
FNF:0
FNH:0
LF:0
LH:0
BRF:0
BRH:0
end_of_record
TN:
SF:src\consts\Overflow.ts
FNF:0
FNH:0
LF:0
LH:0
BRF:0
BRH:0
end_of_record
TN:
SF:src\consts\Position.ts
FNF:0
FNH:0
LF:0
LH:0
BRF:0
BRH:0
end_of_record
TN:
SF:src\core\Application.ts
FN:6,(anonymous_2)
FN:13,(anonymous_3)
FN:30,(anonymous_4)
FN:34,(anonymous_5)
FN:38,(anonymous_6)
FN:42,(anonymous_7)
FN:46,(anonymous_8)
FN:50,(anonymous_9)
FNF:8
FNH:8
FNDA:12,(anonymous_2)
FNDA:12,(anonymous_3)
FNDA:6,(anonymous_4)
FNDA:4,(anonymous_5)
FNDA:6,(anonymous_6)
FNDA:5,(anonymous_7)
FNDA:6,(anonymous_8)
FNDA:3,(anonymous_9)
DA:2,1
DA:5,1
DA:7,12
DA:8,12
DA:9,12
DA:10,12
DA:14,12
DA:15,12
DA:16,12
DA:17,12
DA:18,12
DA:19,12
DA:20,12
DA:21,12
DA:22,12
DA:23,12
DA:24,12
DA:25,12
DA:26,12
DA:27,12
DA:31,6
DA:35,4
DA:39,6
DA:43,5
DA:47,6
DA:51,3
DA:54,1
LF:27
LH:27
BRF:0
BRH:0
end_of_record
TN:
SF:src\core\Component.ts
FN:9,(anonymous_2)
FN:12,(anonymous_3)
FN:31,(anonymous_4)
FN:37,(anonymous_5)
FN:56,(anonymous_6)
FN:62,(anonymous_7)
FN:80,(anonymous_8)
FN:86,(anonymous_9)
FN:104,(anonymous_10)
FN:110,(anonymous_11)
FN:130,(anonymous_12)
FN:136,(anonymous_13)
FN:156,(anonymous_14)
FN:162,(anonymous_15)
FN:182,(anonymous_16)
FN:188,(anonymous_17)
FN:208,(anonymous_18)
FN:214,(anonymous_19)
FN:228,(anonymous_20)
FN:233,(anonymous_21)
FN:246,(anonymous_22)
FN:251,(anonymous_23)
FN:266,(anonymous_24)
FN:271,(anonymous_25)
FN:284,(anonymous_26)
FN:289,(anonymous_27)
FN:303,(anonymous_28)
FN:308,(anonymous_29)
FN:322,(anonymous_30)
FN:327,(anonymous_31)
FN:341,(anonymous_32)
FN:346,(anonymous_33)
FN:360,(anonymous_34)
FN:364,(anonymous_35)
FN:373,(anonymous_36)
FN:384,(anonymous_37)
FN:388,(anonymous_38)
FN:398,(anonymous_39)
FN:415,(anonymous_40)
FNF:39
FNH:35
FNDA:214,(anonymous_2)
FNDA:10,(anonymous_3)
FNDA:5,(anonymous_4)
FNDA:10,(anonymous_5)
FNDA:5,(anonymous_6)
FNDA:8,(anonymous_7)
FNDA:5,(anonymous_8)
FNDA:8,(anonymous_9)
FNDA:5,(anonymous_10)
FNDA:7,(anonymous_11)
FNDA:4,(anonymous_12)
FNDA:7,(anonymous_13)
FNDA:4,(anonymous_14)
FNDA:7,(anonymous_15)
FNDA:4,(anonymous_16)
FNDA:7,(anonymous_17)
FNDA:4,(anonymous_18)
FNDA:56,(anonymous_19)
FNDA:3,(anonymous_20)
FNDA:3,(anonymous_21)
FNDA:3,(anonymous_22)
FNDA:10,(anonymous_23)
FNDA:5,(anonymous_24)
FNDA:3,(anonymous_25)
FNDA:3,(anonymous_26)
FNDA:7,(anonymous_27)
FNDA:4,(anonymous_28)
FNDA:7,(anonymous_29)
FNDA:4,(anonymous_30)
FNDA:7,(anonymous_31)
FNDA:4,(anonymous_32)
FNDA:7,(anonymous_33)
FNDA:4,(anonymous_34)
FNDA:3,(anonymous_35)
FNDA:3,(anonymous_36)
FNDA:0,(anonymous_37)
FNDA:0,(anonymous_38)
FNDA:0,(anonymous_39)
FNDA:0,(anonymous_40)
DA:9,1
DA:10,214
DA:13,10
DA:14,2
DA:15,2
DA:16,2
DA:18,8
DA:19,8
DA:20,4
DA:21,4
DA:23,4
DA:32,5
DA:35,214
DA:38,10
DA:39,2
DA:40,2
DA:41,2
DA:43,8
DA:44,8
DA:45,4
DA:46,4
DA:48,4
DA:57,5
DA:60,214
DA:63,8
DA:64,1
DA:65,1
DA:67,7
DA:68,7
DA:69,4
DA:70,4
DA:72,3
DA:81,5
DA:84,214
DA:87,8
DA:88,1
DA:89,1
DA:91,7
DA:92,7
DA:93,4
DA:94,4
DA:96,3
DA:105,5
DA:108,214
DA:111,7
DA:112,2
DA:113,2
DA:114,2
DA:116,5
DA:117,3
DA:118,3
DA:119,3
DA:121,2
DA:131,4
DA:134,214
DA:137,7
DA:138,2
DA:139,2
DA:140,2
DA:142,5
DA:143,3
DA:144,3
DA:145,3
DA:147,2
DA:157,4
DA:160,214
DA:163,7
DA:164,2
DA:165,2
DA:166,2
DA:168,5
DA:169,3
DA:170,3
DA:171,3
DA:173,2
DA:183,4
DA:186,214
DA:189,7
DA:190,2
DA:191,2
DA:192,2
DA:194,5
DA:195,3
DA:196,3
DA:197,3
DA:199,2
DA:209,4
DA:212,214
DA:215,56
DA:216,1
DA:218,55
DA:219,55
DA:229,3
DA:232,214
DA:234,3
DA:235,1
DA:237,2
DA:238,2
DA:247,3
DA:250,214
DA:252,10
DA:253,6
DA:254,6
DA:255,6
DA:257,4
DA:258,4
DA:267,5
DA:270,214
DA:272,3
DA:273,1
DA:275,2
DA:276,2
DA:285,3
DA:288,214
DA:290,7
DA:291,7
DA:292,5
DA:293,5
DA:295,2
DA:304,4
DA:307,214
DA:309,7
DA:310,7
DA:311,5
DA:312,5
DA:314,2
DA:323,4
DA:326,214
DA:328,7
DA:329,7
DA:330,5
DA:331,5
DA:333,2
DA:342,4
DA:345,214
DA:347,7
DA:348,7
DA:349,5
DA:350,5
DA:352,2
DA:361,4
DA:365,3
DA:374,3
DA:377,214
DA:385,0
DA:389,0
DA:390,0
DA:391,0
DA:393,0
DA:396,214
DA:399,0
DA:400,0
DA:402,0
DA:403,0
DA:405,0
DA:407,0
DA:416,0
DA:419,1
LF:158
LH:146
BRDA:13,0,0,2
BRDA:13,0,1,8
BRDA:19,1,0,4
BRDA:19,1,1,4
BRDA:38,2,0,2
BRDA:38,2,1,8
BRDA:44,3,0,4
BRDA:44,3,1,4
BRDA:63,4,0,1
BRDA:63,4,1,7
BRDA:68,5,0,4
BRDA:68,5,1,3
BRDA:87,6,0,1
BRDA:87,6,1,7
BRDA:92,7,0,4
BRDA:92,7,1,3
BRDA:111,8,0,2
BRDA:111,8,1,5
BRDA:116,9,0,3
BRDA:116,9,1,2
BRDA:137,10,0,2
BRDA:137,10,1,5
BRDA:142,11,0,3
BRDA:142,11,1,2
BRDA:163,12,0,2
BRDA:163,12,1,5
BRDA:168,13,0,3
BRDA:168,13,1,2
BRDA:189,14,0,2
BRDA:189,14,1,5
BRDA:194,15,0,3
BRDA:194,15,1,2
BRDA:215,16,0,1
BRDA:215,16,1,55
BRDA:234,17,0,1
BRDA:234,17,1,2
BRDA:252,18,0,6
BRDA:252,18,1,4
BRDA:252,19,0,10
BRDA:252,19,1,8
BRDA:272,20,0,1
BRDA:272,20,1,2
BRDA:291,21,0,5
BRDA:291,21,1,2
BRDA:310,22,0,5
BRDA:310,22,1,2
BRDA:329,23,0,5
BRDA:329,23,1,2
BRDA:348,24,0,5
BRDA:348,24,1,2
BRDA:389,25,0,0
BRDA:389,25,1,0
BRDA:389,26,0,0
BRDA:389,26,1,0
BRDA:399,27,0,0
BRDA:399,27,1,0
BRF:56
BRH:50
end_of_record
TN:
SF:src\core\Container.ts
FN:11,(anonymous_2)
FN:18,(anonymous_3)
FN:30,(anonymous_4)
FN:47,(anonymous_5)
FN:57,(anonymous_6)
FN:70,(anonymous_7)
FN:80,(anonymous_8)
FN:92,(anonymous_9)
FN:108,(anonymous_10)
FN:112,(anonymous_11)
FN:127,(anonymous_12)
FN:131,(anonymous_13)
FN:146,(anonymous_14)
FN:152,(anonymous_15)
FN:165,(anonymous_16)
FN:171,(anonymous_17)
FN:184,(anonymous_18)
FN:195,(anonymous_19)
FN:199,(anonymous_20)
FN:206,(anonymous_21)
FN:216,(anonymous_22)
FNF:21
FNH:11
FNDA:40,(anonymous_2)
FNDA:8,(anonymous_3)
FNDA:4,(anonymous_4)
FNDA:2,(anonymous_5)
FNDA:1,(anonymous_6)
FNDA:7,(anonymous_7)
FNDA:6,(anonymous_8)
FNDA:5,(anonymous_9)
FNDA:5,(anonymous_10)
FNDA:13,(anonymous_11)
FNDA:0,(anonymous_12)
FNDA:0,(anonymous_13)
FNDA:4,(anonymous_14)
FNDA:0,(anonymous_15)
FNDA:0,(anonymous_16)
FNDA:0,(anonymous_17)
FNDA:0,(anonymous_18)
FNDA:0,(anonymous_19)
FNDA:0,(anonymous_20)
FNDA:0,(anonymous_21)
FNDA:0,(anonymous_22)
DA:2,1
DA:11,1
DA:19,8
DA:20,8
DA:31,4
DA:32,4
DA:33,1
DA:34,1
DA:35,1
DA:37,3
DA:38,3
DA:48,2
DA:49,2
DA:58,1
DA:59,2
DA:61,1
DA:71,7
DA:81,6
DA:82,6
DA:83,6
DA:93,5
DA:94,5
DA:95,10
DA:97,5
DA:98,5
DA:101,40
DA:109,5
DA:113,13
DA:114,6
DA:115,6
DA:116,6
DA:118,7
DA:119,7
DA:122,40
DA:128,0
DA:132,0
DA:133,0
DA:135,0
DA:136,0
DA:138,0
DA:140,0
DA:147,4
DA:150,40
DA:153,0
DA:154,0
DA:156,0
DA:157,0
DA:166,0
DA:169,40
DA:172,0
DA:173,0
DA:175,0
DA:176,0
DA:185,0
DA:188,40
DA:196,0
DA:200,0
DA:201,0
DA:204,40
DA:207,0
DA:208,0
DA:217,0
DA:220,1
LF:63
LH:40
BRDA:32,0,0,1
BRDA:32,0,1,3
BRDA:83,1,0,5
BRDA:83,1,1,1
BRDA:113,2,0,6
BRDA:113,2,1,7
BRDA:113,3,0,13
BRDA:113,3,1,11
BRDA:132,4,0,0
BRDA:132,4,1,0
BRDA:132,5,0,0
BRDA:132,5,1,0
BRDA:153,6,0,0
BRDA:153,6,1,0
BRDA:172,7,0,0
BRDA:172,7,1,0
BRF:16
BRH:8
end_of_record
TN:
SF:src\core\IApplication.ts
FNF:0
FNH:0
LF:0
LH:0
BRF:0
BRH:0
end_of_record
TN:
SF:src\core\IComponent.ts
FNF:0
FNH:0
LF:0
LH:0
BRF:0
BRH:0
end_of_record
TN:
SF:src\core\IContainer.ts
FNF:0
FNH:0
LF:0
LH:0
BRF:0
BRH:0
end_of_record
TN:
SF:src\core\IParagraph.ts
FNF:0
FNH:0
LF:0
LH:0
BRF:0
BRH:0
end_of_record
TN:
SF:src\core\Paragraph.ts
FN:8,(anonymous_2)
FN:13,(anonymous_3)
FN:23,(anonymous_4)
FN:28,(anonymous_5)
FN:44,(anonymous_6)
FN:49,(anonymous_7)
FN:59,(anonymous_8)
FN:63,(anonymous_9)
FN:72,(anonymous_10)
FN:77,(anonymous_11)
FN:94,(anonymous_12)
FN:99,(anonymous_13)
FN:114,(anonymous_14)
FNF:13
FNH:13
FNDA:41,(anonymous_2)
FNDA:9,(anonymous_3)
FNDA:3,(anonymous_4)
FNDA:12,(anonymous_5)
FNDA:6,(anonymous_6)
FNDA:5,(anonymous_7)
FNDA:3,(anonymous_8)
FNDA:4,(anonymous_9)
FNDA:4,(anonymous_10)
FNDA:8,(anonymous_11)
FNDA:7,(anonymous_12)
FNDA:10,(anonymous_13)
FNDA:4,(anonymous_14)
DA:4,1
DA:7,1
DA:9,41
DA:10,41
DA:14,9
DA:24,3
DA:27,41
DA:29,12
DA:30,3
DA:31,1
DA:34,9
DA:36,12
DA:45,6
DA:48,41
DA:50,5
DA:51,5
DA:60,3
DA:64,4
DA:73,4
DA:76,41
DA:78,8
DA:79,3
DA:80,2
DA:81,2
DA:83,3
DA:85,5
DA:86,5
DA:95,7
DA:98,41
DA:100,10
DA:101,3
DA:102,3
DA:103,3
DA:105,7
DA:106,7
DA:115,4
DA:118,1
LF:37
LH:37
BRDA:29,0,0,3
BRDA:29,0,1,9
BRDA:29,1,0,12
BRDA:29,1,1,10
BRDA:30,2,0,1
BRDA:30,2,1,2
BRDA:78,3,0,3
BRDA:78,3,1,5
BRDA:79,4,0,2
BRDA:79,4,1,1
BRDA:100,5,0,3
BRDA:100,5,1,7
BRDA:100,6,0,10
BRDA:100,6,1,9
BRF:14
BRH:14
end_of_record
TN:
SF:src\data\ArrayCollection.ts
FN:5,(anonymous_2)
FN:14,(anonymous_3)
FN:19,(anonymous_4)
FN:24,(anonymous_5)
FN:32,(anonymous_6)
FN:42,(anonymous_7)
FN:50,(anonymous_8)
FN:58,(anonymous_9)
FN:65,(anonymous_10)
FN:71,(anonymous_11)
FNF:10
FNH:5
FNDA:5,(anonymous_2)
FNDA:2,(anonymous_3)
FNDA:2,(anonymous_4)
FNDA:0,(anonymous_5)
FNDA:0,(anonymous_6)
FNDA:0,(anonymous_7)
FNDA:0,(anonymous_8)
FNDA:0,(anonymous_9)
FNDA:2,(anonymous_10)
FNDA:7,(anonymous_11)
DA:1,1
DA:4,1
DA:6,5
DA:7,5
DA:8,1
DA:9,1
DA:11,4
DA:15,2
DA:16,2
DA:20,2
DA:21,2
DA:25,0
DA:26,0
DA:27,0
DA:29,0
DA:33,0
DA:34,0
DA:36,0
DA:37,0
DA:39,0
DA:43,0
DA:44,0
DA:45,0
DA:46,0
DA:51,0
DA:52,0
DA:53,0
DA:54,0
DA:59,0
DA:60,0
DA:61,0
DA:66,2
DA:72,7
LF:33
LH:13
BRDA:5,0,0,4
BRDA:7,1,0,1
BRDA:7,1,1,4
BRDA:26,2,0,0
BRDA:26,2,1,0
BRDA:33,3,0,0
BRDA:33,3,1,0
BRDA:33,4,0,0
BRDA:33,4,1,0
BRDA:36,5,0,0
BRDA:36,5,1,0
BRDA:44,6,0,0
BRDA:44,6,1,0
BRDA:52,7,0,0
BRDA:52,7,1,0
BRDA:59,8,0,0
BRDA:59,8,1,0
BRF:17
BRH:3
end_of_record
TN:
SF:src\data\IArrayCollection.ts
FNF:0
FNH:0
LF:0
LH:0
BRF:0
BRH:0
end_of_record
TN:
SF:src\event\EventDispatcher.ts
FN:5,(anonymous_2)
FN:9,(anonymous_3)
FN:19,(anonymous_4)
FN:29,(anonymous_5)
FN:38,(anonymous_6)
FN:47,(anonymous_7)
FN:60,(anonymous_8)
FNF:7
FNH:4
FNDA:11,(anonymous_2)
FNDA:9,(anonymous_3)
FNDA:0,(anonymous_4)
FNDA:10,(anonymous_5)
FNDA:0,(anonymous_6)
FNDA:4,(anonymous_7)
FNDA:0,(anonymous_8)
DA:5,1
DA:6,11
DA:7,11
DA:10,9
DA:11,9
DA:12,6
DA:13,6
DA:16,9
DA:20,0
DA:21,0
DA:22,0
DA:23,0
DA:26,0
DA:30,10
DA:31,10
DA:32,8
DA:33,8
DA:35,10
DA:39,0
DA:40,0
DA:41,0
DA:42,0
DA:44,0
DA:48,4
DA:49,4
DA:50,3
DA:51,3
DA:52,2
DA:53,2
DA:54,2
DA:61,0
DA:62,0
DA:63,0
DA:64,0
DA:65,0
DA:66,0
DA:67,0
LF:37
LH:20
BRDA:11,0,0,6
BRDA:11,0,1,3
BRDA:21,1,0,0
BRDA:21,1,1,0
BRDA:31,2,0,8
BRDA:31,2,1,2
BRDA:40,3,0,0
BRDA:40,3,1,0
BRDA:49,4,0,3
BRDA:49,4,1,1
BRDA:51,5,0,2
BRDA:51,5,1,1
BRDA:62,6,0,0
BRDA:62,6,1,0
BRDA:64,7,0,0
BRDA:64,7,1,0
BRF:16
BRH:8
end_of_record
TN:
SF:src\event\ICustomEventListener.ts
FNF:0
FNH:0
LF:0
LH:0
BRF:0
BRH:0
end_of_record
TN:
SF:src\event\IEventDispatcher.ts
FNF:0
FNH:0
LF:0
LH:0
BRF:0
BRH:0
end_of_record
TN:
SF:src\event\IEventListener.ts
FNF:0
FNH:0
LF:0
LH:0
BRF:0
BRH:0
end_of_record
TN:
SF:src\fsm\IMachine.ts
FNF:0
FNH:0
LF:0
LH:0
BRF:0
BRH:0
end_of_record
TN:
SF:src\fsm\IState.ts
FNF:0
FNH:0
LF:0
LH:0
BRF:0
BRH:0
end_of_record
TN:
SF:src\fsm\Machine.ts
FN:9,(anonymous_2)
FN:15,(anonymous_3)
FN:19,(anonymous_4)
FNF:3
FNH:0
FNDA:0,(anonymous_2)
FNDA:0,(anonymous_3)
FNDA:0,(anonymous_4)
DA:3,1
DA:5,1
DA:8,0
DA:10,0
DA:11,0
DA:12,0
DA:16,0
DA:20,0
DA:21,0
DA:22,0
DA:24,0
DA:25,0
DA:26,0
DA:28,0
DA:29,0
DA:31,0
DA:32,0
LF:17
LH:2
BRDA:20,0,0,0
BRDA:20,0,1,0
BRDA:21,1,0,0
BRDA:21,1,1,0
BRDA:25,2,0,0
BRDA:25,2,1,0
BRDA:28,3,0,0
BRDA:28,3,1,0
BRDA:31,4,0,0
BRDA:31,4,1,0
BRF:10
BRH:0
end_of_record
TN:
SF:src\fsm\State.ts
FN:11,(anonymous_2)
FN:15,(anonymous_3)
FN:20,(anonymous_4)
FNF:3
FNH:0
FNDA:0,(anonymous_2)
FNDA:0,(anonymous_3)
FNDA:0,(anonymous_4)
DA:4,1
DA:6,0
DA:7,0
DA:8,0
DA:9,0
DA:10,0
DA:12,0
DA:16,0
DA:17,0
DA:21,0
LF:10
LH:1
BRDA:21,0,0,0
BRDA:21,0,1,0
BRF:2
BRH:0
end_of_record
TN:
SF:src\machines\IMouseTouch.ts
FNF:0
FNH:0
LF:0
LH:0
BRF:0
BRH:0
end_of_record
TN:
SF:src\machines\MouseTouchMachine.ts
FN:7,(anonymous_2)
FN:23,(anonymous_3)
FN:36,(anonymous_4)
FN:48,(anonymous_5)
FN:58,(anonymous_6)
FN:68,(anonymous_7)
FN:69,(anonymous_8)
FN:74,(anonymous_9)
FN:78,(anonymous_10)
FN:83,(anonymous_11)
FN:87,(anonymous_12)
FNF:11
FNH:0
FNDA:0,(anonymous_2)
FNDA:0,(anonymous_3)
FNDA:0,(anonymous_4)
FNDA:0,(anonymous_5)
FNDA:0,(anonymous_6)
FNDA:0,(anonymous_7)
FNDA:0,(anonymous_8)
FNDA:0,(anonymous_9)
FNDA:0,(anonymous_10)
FNDA:0,(anonymous_11)
FNDA:0,(anonymous_12)
DA:2,1
DA:3,1
DA:6,1
DA:8,0
DA:9,0
DA:10,0
DA:11,0
DA:12,0
DA:13,0
DA:14,0
DA:15,0
DA:16,0
DA:17,0
DA:18,0
DA:19,0
DA:24,0
DA:25,0
DA:26,0
DA:27,0
DA:28,0
DA:29,0
DA:30,0
DA:32,0
DA:37,0
DA:38,0
DA:39,0
DA:40,0
DA:41,0
DA:42,0
DA:44,0
DA:49,0
DA:50,0
DA:51,0
DA:52,0
DA:54,0
DA:59,0
DA:60,0
DA:61,0
DA:62,0
DA:63,0
DA:65,0
DA:69,0
DA:70,0
DA:75,0
DA:79,0
DA:80,0
DA:84,0
DA:88,0
DA:89,0
DA:91,0
DA:92,0
DA:94,0
DA:95,0
DA:96,0
DA:97,0
DA:98,0
DA:101,0
LF:57
LH:3
BRDA:24,0,0,0
BRDA:24,0,1,0
BRDA:37,1,0,0
BRDA:37,1,1,0
BRDA:49,2,0,0
BRDA:49,2,1,0
BRDA:59,3,0,0
BRDA:59,3,1,0
BRDA:88,4,0,0
BRDA:88,4,1,0
BRDA:91,5,0,0
BRDA:91,5,1,0
BRDA:94,6,0,0
BRDA:94,6,1,0
BRDA:95,7,0,0
BRDA:95,7,1,0
BRDA:95,8,0,0
BRDA:95,8,1,0
BRF:18
BRH:0
end_of_record
TN:
SF:src\types\AlignItemsType.ts
FNF:0
FNH:0
LF:0
LH:0
BRF:0
BRH:0
end_of_record
TN:
SF:src\types\DisplayType.ts
FNF:0
FNH:0
LF:0
LH:0
BRF:0
BRH:0
end_of_record
TN:
SF:src\types\FlexWrapType.ts
FNF:0
FNH:0
LF:0
LH:0
BRF:0
BRH:0
end_of_record
TN:
SF:src\types\FontWeightType.ts
FNF:0
FNH:0
LF:0
LH:0
BRF:0
BRH:0
end_of_record
TN:
SF:src\types\JustifyContentType.ts
FNF:0
FNH:0
LF:0
LH:0
BRF:0
BRH:0
end_of_record
TN:
SF:src\types\OverflowType.ts
FNF:0
FNH:0
LF:0
LH:0
BRF:0
BRH:0
end_of_record
TN:
SF:src\types\PositionType.ts
FNF:0
FNH:0
LF:0
LH:0
BRF:0
BRH:0
end_of_record
