TN:
SF:src\FuixDev.ts
FN:9,(anonymous_2)
FN:27,(anonymous_3)
FN:44,(anonymous_4)
FNF:3
FNH:1
FNDA:3,(anonymous_2)
FNDA:0,(anonymous_3)
FNDA:0,(anonymous_4)
DA:1,1
DA:5,1
DA:6,1
DA:8,1
DA:10,3
DA:11,3
DA:12,3
DA:13,3
DA:14,3
DA:16,3
DA:17,3
DA:18,3
DA:19,3
DA:20,3
DA:21,3
DA:22,3
DA:23,3
DA:28,0
DA:29,0
DA:31,0
DA:32,0
DA:33,0
DA:34,0
DA:37,0
DA:38,0
DA:40,0
DA:45,0
DA:46,0
DA:47,0
DA:48,0
DA:50,0
DA:52,0
DA:55,1
LF:33
LH:18
BRDA:28,0,0,0
BRDA:28,0,1,0
BRDA:45,1,0,0
BRDA:45,1,1,0
BRF:4
BRH:0
end_of_record
TN:
SF:src\index.ts
FN:1,(anonymous_2)
FN:2,(anonymous_3)
FN:4,(anonymous_4)
FN:5,(anonymous_5)
FN:9,(anonymous_6)
FN:17,(anonymous_7)
FN:18,(anonymous_8)
FN:19,(anonymous_9)
FN:24,(anonymous_10)
FN:26,(anonymous_11)
FN:29,(anonymous_12)
FN:35,(anonymous_13)
FN:36,(anonymous_14)
FN:39,(anonymous_15)
FNF:14
FNH:7
FNDA:0,(anonymous_2)
FNDA:0,(anonymous_3)
FNDA:0,(anonymous_4)
FNDA:3,(anonymous_5)
FNDA:0,(anonymous_6)
FNDA:9,(anonymous_7)
FNDA:164,(anonymous_8)
FNDA:25,(anonymous_9)
FNDA:35,(anonymous_10)
FNDA:5,(anonymous_11)
FNDA:6,(anonymous_12)
FNDA:0,(anonymous_13)
FNDA:0,(anonymous_14)
FNDA:0,(anonymous_15)
DA:1,1
DA:2,1
DA:4,1
DA:5,4
DA:9,1
DA:17,10
DA:18,165
DA:19,26
DA:24,36
DA:26,6
DA:29,7
DA:35,1
DA:36,1
DA:39,1
LF:14
LH:14
BRF:0
BRH:0
end_of_record
TN:
SF:src\app\TestRenderer.ts
FN:6,(anonymous_2)
FN:19,(anonymous_3)
FN:23,(anonymous_4)
FNF:3
FNH:0
FNDA:0,(anonymous_2)
FNDA:0,(anonymous_3)
FNDA:0,(anonymous_4)
DA:2,1
DA:5,1
DA:7,0
DA:9,0
DA:10,0
DA:12,0
DA:14,0
DA:17,0
DA:20,0
DA:24,0
DA:27,1
LF:11
LH:3
BRF:0
BRH:0
end_of_record
TN:
SF:src\app\TestVo.ts
FN:4,(anonymous_2)
FNF:1
FNH:1
FNDA:6,(anonymous_2)
DA:1,1
DA:5,6
DA:6,6
LF:3
LH:3
BRF:0
BRH:0
end_of_record
TN:
SF:src\components\DataContainer.ts
FN:10,(anonymous_2)
FN:18,(anonymous_3)
FN:30,(anonymous_4)
FN:34,(anonymous_5)
FN:50,(anonymous_6)
FN:59,(anonymous_7)
FN:60,(anonymous_8)
FN:75,(anonymous_9)
FN:83,(anonymous_10)
FN:92,(anonymous_11)
FN:112,(anonymous_12)
FNF:11
FNH:0
FNDA:0,(anonymous_2)
FNDA:0,(anonymous_3)
FNDA:0,(anonymous_4)
FNDA:0,(anonymous_5)
FNDA:0,(anonymous_6)
FNDA:0,(anonymous_7)
FNDA:0,(anonymous_8)
FNDA:0,(anonymous_9)
FNDA:0,(anonymous_10)
FNDA:0,(anonymous_11)
FNDA:0,(anonymous_12)
DA:1,1
DA:3,1
DA:7,1
DA:8,0
DA:9,0
DA:11,0
DA:12,0
DA:13,0
DA:14,0
DA:15,0
DA:20,0
DA:21,0
DA:23,0
DA:25,0
DA:26,0
DA:27,0
DA:31,0
DA:35,0
DA:36,0
DA:38,0
DA:39,0
DA:41,0
DA:43,0
DA:44,0
DA:45,0
DA:47,0
DA:51,0
DA:52,0
DA:53,0
DA:54,0
DA:55,0
DA:60,0
DA:61,0
DA:62,0
DA:63,0
DA:66,0
DA:67,0
DA:68,0
DA:69,0
DA:76,0
DA:77,0
DA:79,0
DA:80,0
DA:84,0
DA:85,0
DA:87,0
DA:90,0
DA:93,0
DA:94,0
DA:96,0
DA:97,0
DA:98,0
DA:99,0
DA:100,0
DA:102,0
DA:103,0
DA:104,0
DA:105,0
DA:106,0
DA:107,0
DA:109,0
DA:113,0
DA:116,1
LF:63
LH:4
BRDA:20,0,0,0
BRDA:20,0,1,0
BRDA:38,1,0,0
BRDA:38,1,1,0
BRDA:52,2,0,0
BRDA:52,2,1,0
BRDA:61,3,0,0
BRDA:61,3,1,0
BRDA:68,4,0,0
BRDA:68,4,1,0
BRDA:76,5,0,0
BRDA:76,5,1,0
BRDA:84,6,0,0
BRDA:84,6,1,0
BRDA:93,7,0,0
BRDA:93,7,1,0
BRDA:96,8,0,0
BRDA:96,8,1,0
BRDA:103,9,0,0
BRDA:103,9,1,0
BRF:20
BRH:0
end_of_record
TN:
SF:src\components\DataRenderer.ts
FN:4,(anonymous_2)
FN:5,(anonymous_3)
FN:11,(anonymous_4)
FN:19,(anonymous_5)
FNF:4
FNH:4
FNDA:3,(anonymous_2)
FNDA:2,(anonymous_3)
FNDA:3,(anonymous_4)
FNDA:3,(anonymous_5)
DA:1,1
DA:4,1
DA:9,3
DA:12,3
DA:13,1
DA:15,2
DA:16,2
DA:20,3
DA:23,1
LF:9
LH:9
BRDA:12,0,0,1
BRDA:12,0,1,2
BRF:2
BRH:2
end_of_record
TN:
SF:src\components\IDataContainer.ts
FNF:0
FNH:0
LF:0
LH:0
BRF:0
BRH:0
end_of_record
TN:
SF:src\components\IDataRenderer.ts
FNF:0
FNH:0
LF:0
LH:0
BRF:0
BRH:0
end_of_record
TN:
SF:src\components\IList.ts
FNF:0
FNH:0
LF:0
LH:0
BRF:0
BRH:0
end_of_record
TN:
SF:src\components\List.ts
FNF:0
FNH:0
DA:1,1
DA:4,1
DA:7,1
LF:3
LH:3
BRF:0
BRH:0
end_of_record
TN:
SF:src\consts\AlignItems.ts
FNF:0
FNH:0
LF:0
LH:0
BRF:0
BRH:0
end_of_record
TN:
SF:src\consts\Display.ts
FNF:0
FNH:0
LF:0
LH:0
BRF:0
BRH:0
end_of_record
TN:
SF:src\consts\FlexWrap.ts
FNF:0
FNH:0
LF:0
LH:0
BRF:0
BRH:0
end_of_record
TN:
SF:src\consts\FontWeight.ts
FNF:0
FNH:0
LF:0
LH:0
BRF:0
BRH:0
end_of_record
TN:
SF:src\consts\JustifyContent.ts
FNF:0
FNH:0
LF:0
LH:0
BRF:0
BRH:0
end_of_record
TN:
SF:src\consts\Overflow.ts
FNF:0
FNH:0
LF:0
LH:0
BRF:0
BRH:0
end_of_record
TN:
SF:src\consts\Position.ts
FNF:0
FNH:0
LF:0
LH:0
BRF:0
BRH:0
end_of_record
TN:
SF:src\core\Application.ts
FN:6,(anonymous_2)
FN:13,(anonymous_3)
FN:30,(anonymous_4)
FN:34,(anonymous_5)
FN:38,(anonymous_6)
FN:42,(anonymous_7)
FN:46,(anonymous_8)
FN:50,(anonymous_9)
FNF:8
FNH:8
FNDA:12,(anonymous_2)
FNDA:12,(anonymous_3)
FNDA:6,(anonymous_4)
FNDA:4,(anonymous_5)
FNDA:6,(anonymous_6)
FNDA:5,(anonymous_7)
FNDA:6,(anonymous_8)
FNDA:3,(anonymous_9)
DA:2,1
DA:5,1
DA:7,12
DA:8,12
DA:9,12
DA:10,12
DA:14,12
DA:15,12
DA:16,12
DA:17,12
DA:18,12
DA:19,12
DA:20,12
DA:21,12
DA:22,12
DA:23,12
DA:24,12
DA:25,12
DA:26,12
DA:27,12
DA:31,6
DA:35,4
DA:39,6
DA:43,5
DA:47,6
DA:51,3
DA:54,1
LF:27
LH:27
BRF:0
BRH:0
end_of_record
TN:
SF:src\core\Component.ts
FN:9,(anonymous_2)
FN:16,(anonymous_3)
FN:28,(anonymous_4)
FN:39,(anonymous_5)
FN:49,(anonymous_6)
FN:59,(anonymous_7)
FN:69,(anonymous_8)
FN:76,(anonymous_9)
FN:95,(anonymous_10)
FN:101,(anonymous_11)
FN:120,(anonymous_12)
FN:126,(anonymous_13)
FN:144,(anonymous_14)
FN:150,(anonymous_15)
FN:168,(anonymous_16)
FN:174,(anonymous_17)
FN:194,(anonymous_18)
FN:200,(anonymous_19)
FN:220,(anonymous_20)
FN:226,(anonymous_21)
FN:246,(anonymous_22)
FN:252,(anonymous_23)
FN:272,(anonymous_24)
FN:278,(anonymous_25)
FN:292,(anonymous_26)
FN:297,(anonymous_27)
FN:310,(anonymous_28)
FN:315,(anonymous_29)
FN:330,(anonymous_30)
FN:335,(anonymous_31)
FN:348,(anonymous_32)
FN:353,(anonymous_33)
FN:367,(anonymous_34)
FN:372,(anonymous_35)
FN:386,(anonymous_36)
FN:391,(anonymous_37)
FN:405,(anonymous_38)
FN:410,(anonymous_39)
FN:424,(anonymous_40)
FN:428,(anonymous_41)
FN:437,(anonymous_42)
FN:448,(anonymous_43)
FN:452,(anonymous_44)
FN:462,(anonymous_45)
FN:479,(anonymous_46)
FNF:45
FNH:41
FNDA:245,(anonymous_2)
FNDA:6,(anonymous_3)
FNDA:3,(anonymous_4)
FNDA:8,(anonymous_5)
FNDA:8,(anonymous_6)
FNDA:3,(anonymous_7)
FNDA:3,(anonymous_8)
FNDA:26,(anonymous_9)
FNDA:12,(anonymous_10)
FNDA:26,(anonymous_11)
FNDA:12,(anonymous_12)
FNDA:14,(anonymous_13)
FNDA:11,(anonymous_14)
FNDA:14,(anonymous_15)
FNDA:11,(anonymous_16)
FNDA:7,(anonymous_17)
FNDA:4,(anonymous_18)
FNDA:7,(anonymous_19)
FNDA:4,(anonymous_20)
FNDA:7,(anonymous_21)
FNDA:4,(anonymous_22)
FNDA:7,(anonymous_23)
FNDA:4,(anonymous_24)
FNDA:56,(anonymous_25)
FNDA:3,(anonymous_26)
FNDA:3,(anonymous_27)
FNDA:3,(anonymous_28)
FNDA:10,(anonymous_29)
FNDA:5,(anonymous_30)
FNDA:3,(anonymous_31)
FNDA:3,(anonymous_32)
FNDA:7,(anonymous_33)
FNDA:4,(anonymous_34)
FNDA:7,(anonymous_35)
FNDA:4,(anonymous_36)
FNDA:7,(anonymous_37)
FNDA:4,(anonymous_38)
FNDA:7,(anonymous_39)
FNDA:4,(anonymous_40)
FNDA:3,(anonymous_41)
FNDA:3,(anonymous_42)
FNDA:0,(anonymous_43)
FNDA:0,(anonymous_44)
FNDA:0,(anonymous_45)
FNDA:0,(anonymous_46)
DA:9,1
DA:17,6
DA:18,6
DA:19,6
DA:29,3
DA:30,3
DA:31,3
DA:40,8
DA:41,8
DA:50,8
DA:51,8
DA:60,3
DA:61,3
DA:70,3
DA:71,3
DA:74,245
DA:77,26
DA:78,6
DA:79,6
DA:80,6
DA:82,20
DA:83,20
DA:84,10
DA:85,10
DA:87,10
DA:96,12
DA:99,245
DA:102,26
DA:103,6
DA:104,6
DA:105,6
DA:107,20
DA:108,20
DA:109,10
DA:110,10
DA:112,10
DA:121,12
DA:124,245
DA:127,14
DA:128,3
DA:129,3
DA:131,11
DA:132,11
DA:133,6
DA:134,6
DA:136,5
DA:145,11
DA:148,245
DA:151,14
DA:152,3
DA:153,3
DA:155,11
DA:156,11
DA:157,6
DA:158,6
DA:160,5
DA:169,11
DA:172,245
DA:175,7
DA:176,2
DA:177,2
DA:178,2
DA:180,5
DA:181,3
DA:182,3
DA:183,3
DA:185,2
DA:195,4
DA:198,245
DA:201,7
DA:202,2
DA:203,2
DA:204,2
DA:206,5
DA:207,3
DA:208,3
DA:209,3
DA:211,2
DA:221,4
DA:224,245
DA:227,7
DA:228,2
DA:229,2
DA:230,2
DA:232,5
DA:233,3
DA:234,3
DA:235,3
DA:237,2
DA:247,4
DA:250,245
DA:253,7
DA:254,2
DA:255,2
DA:256,2
DA:258,5
DA:259,3
DA:260,3
DA:261,3
DA:263,2
DA:273,4
DA:276,245
DA:279,56
DA:280,1
DA:282,55
DA:283,55
DA:293,3
DA:296,245
DA:298,3
DA:299,1
DA:301,2
DA:302,2
DA:311,3
DA:314,245
DA:316,10
DA:317,6
DA:318,6
DA:319,6
DA:321,4
DA:322,4
DA:331,5
DA:334,245
DA:336,3
DA:337,1
DA:339,2
DA:340,2
DA:349,3
DA:352,245
DA:354,7
DA:355,7
DA:356,5
DA:357,5
DA:359,2
DA:368,4
DA:371,245
DA:373,7
DA:374,7
DA:375,5
DA:376,5
DA:378,2
DA:387,4
DA:390,245
DA:392,7
DA:393,7
DA:394,5
DA:395,5
DA:397,2
DA:406,4
DA:409,245
DA:411,7
DA:412,7
DA:413,5
DA:414,5
DA:416,2
DA:425,4
DA:429,3
DA:438,3
DA:441,245
DA:449,0
DA:453,0
DA:454,0
DA:455,0
DA:457,0
DA:460,245
DA:463,0
DA:464,0
DA:466,0
DA:467,0
DA:469,0
DA:471,0
DA:480,0
DA:483,1
LF:172
LH:160
BRDA:77,0,0,6
BRDA:77,0,1,20
BRDA:83,1,0,10
BRDA:83,1,1,10
BRDA:102,2,0,6
BRDA:102,2,1,20
BRDA:108,3,0,10
BRDA:108,3,1,10
BRDA:127,4,0,3
BRDA:127,4,1,11
BRDA:132,5,0,6
BRDA:132,5,1,5
BRDA:151,6,0,3
BRDA:151,6,1,11
BRDA:156,7,0,6
BRDA:156,7,1,5
BRDA:175,8,0,2
BRDA:175,8,1,5
BRDA:180,9,0,3
BRDA:180,9,1,2
BRDA:201,10,0,2
BRDA:201,10,1,5
BRDA:206,11,0,3
BRDA:206,11,1,2
BRDA:227,12,0,2
BRDA:227,12,1,5
BRDA:232,13,0,3
BRDA:232,13,1,2
BRDA:253,14,0,2
BRDA:253,14,1,5
BRDA:258,15,0,3
BRDA:258,15,1,2
BRDA:279,16,0,1
BRDA:279,16,1,55
BRDA:298,17,0,1
BRDA:298,17,1,2
BRDA:316,18,0,6
BRDA:316,18,1,4
BRDA:316,19,0,10
BRDA:316,19,1,8
BRDA:336,20,0,1
BRDA:336,20,1,2
BRDA:355,21,0,5
BRDA:355,21,1,2
BRDA:374,22,0,5
BRDA:374,22,1,2
BRDA:393,23,0,5
BRDA:393,23,1,2
BRDA:412,24,0,5
BRDA:412,24,1,2
BRDA:453,25,0,0
BRDA:453,25,1,0
BRDA:453,26,0,0
BRDA:453,26,1,0
BRDA:463,27,0,0
BRDA:463,27,1,0
BRF:56
BRH:50
end_of_record
TN:
SF:src\core\Container.ts
FN:11,(anonymous_2)
FN:18,(anonymous_3)
FN:30,(anonymous_4)
FN:47,(anonymous_5)
FN:57,(anonymous_6)
FN:70,(anonymous_7)
FN:80,(anonymous_8)
FN:92,(anonymous_9)
FN:108,(anonymous_10)
FN:112,(anonymous_11)
FN:127,(anonymous_12)
FN:131,(anonymous_13)
FN:146,(anonymous_14)
FN:152,(anonymous_15)
FN:165,(anonymous_16)
FN:171,(anonymous_17)
FN:184,(anonymous_18)
FN:195,(anonymous_19)
FN:199,(anonymous_20)
FN:206,(anonymous_21)
FN:216,(anonymous_22)
FNF:21
FNH:11
FNDA:40,(anonymous_2)
FNDA:8,(anonymous_3)
FNDA:4,(anonymous_4)
FNDA:2,(anonymous_5)
FNDA:1,(anonymous_6)
FNDA:7,(anonymous_7)
FNDA:6,(anonymous_8)
FNDA:5,(anonymous_9)
FNDA:5,(anonymous_10)
FNDA:13,(anonymous_11)
FNDA:0,(anonymous_12)
FNDA:0,(anonymous_13)
FNDA:4,(anonymous_14)
FNDA:0,(anonymous_15)
FNDA:0,(anonymous_16)
FNDA:0,(anonymous_17)
FNDA:0,(anonymous_18)
FNDA:0,(anonymous_19)
FNDA:0,(anonymous_20)
FNDA:0,(anonymous_21)
FNDA:0,(anonymous_22)
DA:2,1
DA:11,1
DA:19,8
DA:20,8
DA:31,4
DA:32,4
DA:33,1
DA:34,1
DA:35,1
DA:37,3
DA:38,3
DA:48,2
DA:49,2
DA:58,1
DA:59,2
DA:61,1
DA:71,7
DA:81,6
DA:82,6
DA:83,6
DA:93,5
DA:94,5
DA:95,10
DA:97,5
DA:98,5
DA:101,40
DA:109,5
DA:113,13
DA:114,6
DA:115,6
DA:116,6
DA:118,7
DA:119,7
DA:122,40
DA:128,0
DA:132,0
DA:133,0
DA:135,0
DA:136,0
DA:138,0
DA:140,0
DA:147,4
DA:150,40
DA:153,0
DA:154,0
DA:156,0
DA:157,0
DA:166,0
DA:169,40
DA:172,0
DA:173,0
DA:175,0
DA:176,0
DA:185,0
DA:188,40
DA:196,0
DA:200,0
DA:201,0
DA:204,40
DA:207,0
DA:208,0
DA:217,0
DA:220,1
LF:63
LH:40
BRDA:32,0,0,1
BRDA:32,0,1,3
BRDA:83,1,0,5
BRDA:83,1,1,1
BRDA:113,2,0,6
BRDA:113,2,1,7
BRDA:113,3,0,13
BRDA:113,3,1,11
BRDA:132,4,0,0
BRDA:132,4,1,0
BRDA:132,5,0,0
BRDA:132,5,1,0
BRDA:153,6,0,0
BRDA:153,6,1,0
BRDA:172,7,0,0
BRDA:172,7,1,0
BRF:16
BRH:8
end_of_record
TN:
SF:src\core\IApplication.ts
FNF:0
FNH:0
LF:0
LH:0
BRF:0
BRH:0
end_of_record
TN:
SF:src\core\IComponent.ts
FNF:0
FNH:0
LF:0
LH:0
BRF:0
BRH:0
end_of_record
TN:
SF:src\core\IContainer.ts
FNF:0
FNH:0
LF:0
LH:0
BRF:0
BRH:0
end_of_record
TN:
SF:src\core\IParagraph.ts
FNF:0
FNH:0
LF:0
LH:0
BRF:0
BRH:0
end_of_record
TN:
SF:src\core\Paragraph.ts
FN:8,(anonymous_2)
FN:13,(anonymous_3)
FN:23,(anonymous_4)
FN:28,(anonymous_5)
FN:44,(anonymous_6)
FN:49,(anonymous_7)
FN:59,(anonymous_8)
FN:63,(anonymous_9)
FN:72,(anonymous_10)
FN:77,(anonymous_11)
FN:94,(anonymous_12)
FN:99,(anonymous_13)
FN:114,(anonymous_14)
FNF:13
FNH:13
FNDA:41,(anonymous_2)
FNDA:9,(anonymous_3)
FNDA:3,(anonymous_4)
FNDA:12,(anonymous_5)
FNDA:6,(anonymous_6)
FNDA:5,(anonymous_7)
FNDA:3,(anonymous_8)
FNDA:4,(anonymous_9)
FNDA:4,(anonymous_10)
FNDA:8,(anonymous_11)
FNDA:7,(anonymous_12)
FNDA:10,(anonymous_13)
FNDA:4,(anonymous_14)
DA:4,1
DA:7,1
DA:9,41
DA:10,41
DA:14,9
DA:24,3
DA:27,41
DA:29,12
DA:30,3
DA:31,1
DA:34,9
DA:36,12
DA:45,6
DA:48,41
DA:50,5
DA:51,5
DA:60,3
DA:64,4
DA:73,4
DA:76,41
DA:78,8
DA:79,3
DA:80,2
DA:81,2
DA:83,3
DA:85,5
DA:86,5
DA:95,7
DA:98,41
DA:100,10
DA:101,3
DA:102,3
DA:103,3
DA:105,7
DA:106,7
DA:115,4
DA:118,1
LF:37
LH:37
BRDA:29,0,0,3
BRDA:29,0,1,9
BRDA:29,1,0,12
BRDA:29,1,1,10
BRDA:30,2,0,1
BRDA:30,2,1,2
BRDA:78,3,0,3
BRDA:78,3,1,5
BRDA:79,4,0,2
BRDA:79,4,1,1
BRDA:100,5,0,3
BRDA:100,5,1,7
BRDA:100,6,0,10
BRDA:100,6,1,9
BRF:14
BRH:14
end_of_record
TN:
SF:src\data\ArrayCollection.ts
FN:5,(anonymous_2)
FN:14,(anonymous_3)
FN:19,(anonymous_4)
FN:24,(anonymous_5)
FN:32,(anonymous_6)
FN:42,(anonymous_7)
FN:50,(anonymous_8)
FN:58,(anonymous_9)
FN:65,(anonymous_10)
FN:71,(anonymous_11)
FNF:10
FNH:5
FNDA:5,(anonymous_2)
FNDA:2,(anonymous_3)
FNDA:2,(anonymous_4)
FNDA:0,(anonymous_5)
FNDA:0,(anonymous_6)
FNDA:0,(anonymous_7)
FNDA:0,(anonymous_8)
FNDA:0,(anonymous_9)
FNDA:2,(anonymous_10)
FNDA:7,(anonymous_11)
DA:1,1
DA:4,1
DA:6,5
DA:7,5
DA:8,1
DA:9,1
DA:11,4
DA:15,2
DA:16,2
DA:20,2
DA:21,2
DA:25,0
DA:26,0
DA:27,0
DA:29,0
DA:33,0
DA:34,0
DA:36,0
DA:37,0
DA:39,0
DA:43,0
DA:44,0
DA:45,0
DA:46,0
DA:51,0
DA:52,0
DA:53,0
DA:54,0
DA:59,0
DA:60,0
DA:61,0
DA:66,2
DA:72,7
LF:33
LH:13
BRDA:5,0,0,4
BRDA:7,1,0,1
BRDA:7,1,1,4
BRDA:26,2,0,0
BRDA:26,2,1,0
BRDA:33,3,0,0
BRDA:33,3,1,0
BRDA:33,4,0,0
BRDA:33,4,1,0
BRDA:36,5,0,0
BRDA:36,5,1,0
BRDA:44,6,0,0
BRDA:44,6,1,0
BRDA:52,7,0,0
BRDA:52,7,1,0
BRDA:59,8,0,0
BRDA:59,8,1,0
BRF:17
BRH:3
end_of_record
TN:
SF:src\data\IArrayCollection.ts
FNF:0
FNH:0
LF:0
LH:0
BRF:0
BRH:0
end_of_record
TN:
SF:src\event\EventDispatcher.ts
FN:5,(anonymous_2)
FN:9,(anonymous_3)
FN:19,(anonymous_4)
FN:29,(anonymous_5)
FN:38,(anonymous_6)
FN:47,(anonymous_7)
FN:60,(anonymous_8)
FNF:7
FNH:4
FNDA:11,(anonymous_2)
FNDA:9,(anonymous_3)
FNDA:0,(anonymous_4)
FNDA:10,(anonymous_5)
FNDA:0,(anonymous_6)
FNDA:4,(anonymous_7)
FNDA:0,(anonymous_8)
DA:5,1
DA:6,11
DA:7,11
DA:10,9
DA:11,9
DA:12,6
DA:13,6
DA:16,9
DA:20,0
DA:21,0
DA:22,0
DA:23,0
DA:26,0
DA:30,10
DA:31,10
DA:32,8
DA:33,8
DA:35,10
DA:39,0
DA:40,0
DA:41,0
DA:42,0
DA:44,0
DA:48,4
DA:49,4
DA:50,3
DA:51,3
DA:52,2
DA:53,2
DA:54,2
DA:61,0
DA:62,0
DA:63,0
DA:64,0
DA:65,0
DA:66,0
DA:67,0
LF:37
LH:20
BRDA:11,0,0,6
BRDA:11,0,1,3
BRDA:21,1,0,0
BRDA:21,1,1,0
BRDA:31,2,0,8
BRDA:31,2,1,2
BRDA:40,3,0,0
BRDA:40,3,1,0
BRDA:49,4,0,3
BRDA:49,4,1,1
BRDA:51,5,0,2
BRDA:51,5,1,1
BRDA:62,6,0,0
BRDA:62,6,1,0
BRDA:64,7,0,0
BRDA:64,7,1,0
BRF:16
BRH:8
end_of_record
TN:
SF:src\event\ICustomEventListener.ts
FNF:0
FNH:0
LF:0
LH:0
BRF:0
BRH:0
end_of_record
TN:
SF:src\event\IEventDispatcher.ts
FNF:0
FNH:0
LF:0
LH:0
BRF:0
BRH:0
end_of_record
TN:
SF:src\event\IEventListener.ts
FNF:0
FNH:0
LF:0
LH:0
BRF:0
BRH:0
end_of_record
TN:
SF:src\fsm\IMachine.ts
FNF:0
FNH:0
LF:0
LH:0
BRF:0
BRH:0
end_of_record
TN:
SF:src\fsm\IState.ts
FNF:0
FNH:0
LF:0
LH:0
BRF:0
BRH:0
end_of_record
TN:
SF:src\fsm\Machine.ts
FN:9,(anonymous_2)
FN:15,(anonymous_3)
FN:19,(anonymous_4)
FNF:3
FNH:0
FNDA:0,(anonymous_2)
FNDA:0,(anonymous_3)
FNDA:0,(anonymous_4)
DA:3,1
DA:5,1
DA:8,0
DA:10,0
DA:11,0
DA:12,0
DA:16,0
DA:20,0
DA:21,0
DA:22,0
DA:24,0
DA:25,0
DA:26,0
DA:28,0
DA:29,0
DA:31,0
DA:32,0
LF:17
LH:2
BRDA:20,0,0,0
BRDA:20,0,1,0
BRDA:21,1,0,0
BRDA:21,1,1,0
BRDA:25,2,0,0
BRDA:25,2,1,0
BRDA:28,3,0,0
BRDA:28,3,1,0
BRDA:31,4,0,0
BRDA:31,4,1,0
BRF:10
BRH:0
end_of_record
TN:
SF:src\fsm\State.ts
FN:11,(anonymous_2)
FN:15,(anonymous_3)
FN:20,(anonymous_4)
FNF:3
FNH:0
FNDA:0,(anonymous_2)
FNDA:0,(anonymous_3)
FNDA:0,(anonymous_4)
DA:4,1
DA:6,0
DA:7,0
DA:8,0
DA:9,0
DA:10,0
DA:12,0
DA:16,0
DA:17,0
DA:21,0
LF:10
LH:1
BRDA:21,0,0,0
BRDA:21,0,1,0
BRF:2
BRH:0
end_of_record
TN:
SF:src\machines\IMouseTouch.ts
FNF:0
FNH:0
LF:0
LH:0
BRF:0
BRH:0
end_of_record
TN:
SF:src\machines\MouseTouchMachine.ts
FN:7,(anonymous_2)
FN:23,(anonymous_3)
FN:36,(anonymous_4)
FN:48,(anonymous_5)
FN:58,(anonymous_6)
FN:68,(anonymous_7)
FN:69,(anonymous_8)
FN:74,(anonymous_9)
FN:78,(anonymous_10)
FN:83,(anonymous_11)
FN:87,(anonymous_12)
FNF:11
FNH:0
FNDA:0,(anonymous_2)
FNDA:0,(anonymous_3)
FNDA:0,(anonymous_4)
FNDA:0,(anonymous_5)
FNDA:0,(anonymous_6)
FNDA:0,(anonymous_7)
FNDA:0,(anonymous_8)
FNDA:0,(anonymous_9)
FNDA:0,(anonymous_10)
FNDA:0,(anonymous_11)
FNDA:0,(anonymous_12)
DA:2,1
DA:3,1
DA:6,1
DA:8,0
DA:9,0
DA:10,0
DA:11,0
DA:12,0
DA:13,0
DA:14,0
DA:15,0
DA:16,0
DA:17,0
DA:18,0
DA:19,0
DA:24,0
DA:25,0
DA:26,0
DA:27,0
DA:28,0
DA:29,0
DA:30,0
DA:32,0
DA:37,0
DA:38,0
DA:39,0
DA:40,0
DA:41,0
DA:42,0
DA:44,0
DA:49,0
DA:50,0
DA:51,0
DA:52,0
DA:54,0
DA:59,0
DA:60,0
DA:61,0
DA:62,0
DA:63,0
DA:65,0
DA:69,0
DA:70,0
DA:75,0
DA:79,0
DA:80,0
DA:84,0
DA:88,0
DA:89,0
DA:91,0
DA:92,0
DA:94,0
DA:95,0
DA:96,0
DA:97,0
DA:98,0
DA:101,0
LF:57
LH:3
BRDA:24,0,0,0
BRDA:24,0,1,0
BRDA:37,1,0,0
BRDA:37,1,1,0
BRDA:49,2,0,0
BRDA:49,2,1,0
BRDA:59,3,0,0
BRDA:59,3,1,0
BRDA:88,4,0,0
BRDA:88,4,1,0
BRDA:91,5,0,0
BRDA:91,5,1,0
BRDA:94,6,0,0
BRDA:94,6,1,0
BRDA:95,7,0,0
BRDA:95,7,1,0
BRDA:95,8,0,0
BRDA:95,8,1,0
BRF:18
BRH:0
end_of_record
TN:
SF:src\types\AlignItemsType.ts
FNF:0
FNH:0
LF:0
LH:0
BRF:0
BRH:0
end_of_record
TN:
SF:src\types\DisplayType.ts
FNF:0
FNH:0
LF:0
LH:0
BRF:0
BRH:0
end_of_record
TN:
SF:src\types\FlexWrapType.ts
FNF:0
FNH:0
LF:0
LH:0
BRF:0
BRH:0
end_of_record
TN:
SF:src\types\FontWeightType.ts
FNF:0
FNH:0
LF:0
LH:0
BRF:0
BRH:0
end_of_record
TN:
SF:src\types\JustifyContentType.ts
FNF:0
FNH:0
LF:0
LH:0
BRF:0
BRH:0
end_of_record
TN:
SF:src\types\OverflowType.ts
FNF:0
FNH:0
LF:0
LH:0
BRF:0
BRH:0
end_of_record
TN:
SF:src\types\PositionType.ts
FNF:0
FNH:0
LF:0
LH:0
BRF:0
BRH:0
end_of_record
